<?xml version="1.0" encoding="UTF-8"?>
<!-- Generated by org.testng.reporters.JUnitReportReporter -->
<testsuite hostname="ATY-INSPIRON3593" failures="0" tests="1" name="com.trello.test.DemoTrello" time="16.502" errors="0" timestamp="2023-07-05T11:27:25 IST" skipped="0">
  <testcase classname="com.trello.test.DemoTrello" name="testTrello" time="16.502"/>
  <system-out/>
</testsuite> <!-- com.trello.test.DemoTrello -->
