<?xml version="1.0" encoding="UTF-8"?>
<!-- Generated by org.testng.reporters.JUnitReportReporter -->
<testsuite hostname="ATY-INSPIRON3593" failures="0" tests="1" name="com.trello.test.DemoTrello" time="19.806" errors="0" timestamp="2023-07-07T21:34:27 IST" skipped="0">
  <testcase classname="com.trello.test.DemoTrello" name="testTrello" time="19.806"/>
  <system-out/>
</testsuite> <!-- com.trello.test.DemoTrello -->
